2025-09-06 03:31:15,965 [INFO] Application started
2025-09-06 03:32:23,300 [INFO] Application started
2025-09-06 03:35:49,719 [INFO] Application started
2025-09-06 15:05:19,563 [INFO] Application started
2025-09-06 15:06:37,804 [INFO] Application started
2025-09-07 01:36:37,708 [INFO] Starting the training process...
2025-09-07 01:38:09,067 [INFO] Starting the training process...
2025-09-07 01:40:08,171 [INFO] Starting the training process...
2025-09-07 01:40:08,171 [WARNING] tqdm requested but not available falling back to simple progress
2025-09-07 01:40:08,187 [ERROR] Training failed: params yaml corpus missing key 'line'
2025-09-07 01:41:21,510 [INFO] Starting the training process...
2025-09-07 01:41:21,554 [ERROR] Training failed: params yaml corpus missing key 'count'
2025-09-07 01:42:28,559 [INFO] Starting the training process...
2025-09-07 01:42:28,603 [ERROR] Training failed: alpha must be a list of length 27
2025-09-07 01:43:37,114 [INFO] Starting the training process...
2025-09-07 01:43:37,161 [INFO] starting processing from byte cursor 0 file size 225801
2025-09-07 01:43:37,342 [INFO] elapsed 0.0s processed_bytes 225801 total_done 225801 remaining 0b
2025-09-07 01:43:37,351 [WARNING] initial probabilities sum not close to one 1.005763688760807
2025-09-07 01:43:37,357 [INFO] wrote updated params yaml atomically
2025-09-07 01:43:37,367 [INFO] training complete bytes_read 225801 tokens 220214 lines 2776 new_cursor 225801
2025-09-07 01:43:37,367 [INFO] Training completed successfully.
2025-09-07 01:57:51,649 [INFO] Starting the training process...
2025-09-07 01:57:51,699 [INFO] starting processing from byte cursor 0 file size 225801
2025-09-07 01:57:51,860 [INFO] elapsed 0.0s processed_bytes 225801 total_done 225801 remaining 0b
2025-09-07 01:57:51,872 [WARNING] initial probabilities sum not close to one 1.005763688760807
2025-09-07 01:57:51,880 [INFO] wrote updated params yaml atomically
2025-09-07 01:57:51,889 [INFO] training complete bytes_read 225801 tokens 220214 lines 2776 new_cursor 225801
2025-09-07 01:57:51,890 [INFO] Training completed successfully.
2025-09-07 01:58:37,787 [INFO] Starting the training process...
2025-09-07 01:58:37,840 [INFO] starting processing from byte cursor 0 file size 225801
2025-09-07 01:58:38,026 [INFO] elapsed 0.0s processed_bytes 225801 total_done 225801 remaining 0b
2025-09-07 01:58:38,026 [WARNING] initial probabilities sum not close to one 1.005763688760807
2025-09-07 01:58:38,033 [INFO] wrote updated params yaml atomically
2025-09-07 01:58:38,047 [INFO] training complete bytes_read 225801 tokens 220214 lines 2776 new_cursor 225801
2025-09-07 01:58:38,047 [INFO] Training completed successfully.
2025-09-07 02:09:01,146 [INFO] Starting the training process...
2025-09-07 02:09:01,186 [INFO] starting processing from byte cursor 0 file size 225801
2025-09-07 02:09:01,380 [INFO] elapsed 0.0s processed_bytes 225801 total_done 225801 remaining 0b
2025-09-07 02:09:01,381 [WARNING] initial probabilities sum not close to one 1.005763688760807
2025-09-07 02:09:01,381 [WARNING] transition probabilities sum not close to one 27.0
2025-09-07 02:09:01,390 [INFO] wrote updated params yaml atomically
2025-09-07 02:09:01,399 [INFO] training complete bytes_read 225801 tokens 220214 lines 2776 new_cursor 225801
2025-09-07 02:09:01,399 [INFO] Training completed successfully.
2025-09-07 02:14:21,213 [INFO] Starting the training process...
2025-09-07 02:14:21,245 [INFO] cursor at or beyond end of file nothing to process
2025-09-07 02:14:21,245 [INFO] Training completed successfully.
2025-09-07 02:15:52,590 [INFO] Starting the training process...
2025-09-07 02:16:21,663 [INFO] Starting the training process...
2025-09-07 02:33:52,398 [INFO] Starting the training process...
2025-09-07 02:33:52,439 [INFO] cursor at or beyond end of file nothing to process
2025-09-07 02:34:20,253 [INFO] Starting the training process...
2025-09-07 02:34:20,312 [INFO] starting processing from byte cursor 0 file size 225801
2025-09-07 02:34:20,490 [INFO] elapsed 0.0s processed_bytes 225801 total_done 225801 remaining 0b
2025-09-07 02:34:20,504 [WARNING] initial probabilities sum not close to one 2.011527377521614
2025-09-07 02:34:20,504 [WARNING] transition probabilities sum not close to one 27.0
2025-09-07 02:34:20,509 [INFO] wrote updated params yaml atomically
2025-09-07 02:34:20,517 [INFO] training complete bytes_read 225801 tokens 220214 lines 2776 new_cursor 225801
2025-09-07 02:36:40,204 [INFO] Starting the training process...
2025-09-07 02:36:40,249 [INFO] starting processing from byte cursor 0 file size 225801
2025-09-07 02:36:40,428 [INFO] elapsed 0.0s processed_bytes 225801 total_done 225801 remaining 0b
2025-09-07 02:36:40,428 [WARNING] initial probabilities sum not close to one 2.011527377521614
2025-09-07 02:36:40,428 [WARNING] transition probabilities sum not close to one 27.0
2025-09-07 02:36:40,444 [INFO] wrote updated params yaml atomically
2025-09-07 02:36:40,455 [INFO] training complete bytes_read 225801 tokens 220214 lines 2776 new_cursor 225801
2025-09-07 02:39:28,782 [INFO] Starting the training process...
2025-09-07 02:39:28,829 [INFO] starting processing from byte cursor 0 file size 225801
2025-09-07 02:39:29,019 [INFO] elapsed 0.0s processed_bytes 225801 total_done 225801 remaining 0b
2025-09-07 02:39:29,027 [WARNING] initial probabilities sum not close to one 2.011527377521614
2025-09-07 02:39:29,027 [WARNING] transition probabilities sum not close to one 27.0
2025-09-07 02:39:29,032 [INFO] wrote updated params yaml atomically
2025-09-07 02:39:29,041 [INFO] training complete bytes_read 225801 tokens 220214 lines 2776 new_cursor 225801
2025-09-07 02:41:55,530 [INFO] Starting the training process...
2025-09-07 02:41:55,582 [INFO] starting processing from byte cursor 0 file size 225801
2025-09-07 02:41:55,787 [INFO] elapsed 0.0s processed_bytes 225801 total_done 225801 remaining 0b
2025-09-07 02:41:55,801 [WARNING] initial probabilities sum not close to one 2.011527377521614
2025-09-07 02:41:55,801 [WARNING] transition probabilities sum not close to one 4.905971214566988
2025-09-07 02:41:55,806 [INFO] wrote updated params yaml atomically
2025-09-07 02:41:55,816 [INFO] training complete bytes_read 225801 tokens 220214 lines 2776 new_cursor 225801
2025-09-07 02:44:27,559 [INFO] Starting the training process...
2025-09-07 02:44:27,630 [INFO] starting processing from byte cursor 0 file size 225801
2025-09-07 02:44:27,918 [INFO] elapsed 0.0s processed_bytes 225801 total_done 225801 remaining 0b
2025-09-07 02:44:27,923 [WARNING] transition probabilities sum not close to one 27.0
2025-09-07 02:44:27,929 [INFO] wrote updated params yaml atomically
2025-09-07 02:44:27,942 [INFO] training complete bytes_read 225801 tokens 220214 lines 2776 new_cursor 225801
2025-09-07 02:58:41,684 [INFO] Starting the training process...
2025-09-07 02:58:41,748 [INFO] alpha missing or incomplete in YAML, initializing 729 rows
2025-09-07 02:58:41,748 [INFO] cursor at or beyond end of file nothing to process
2025-09-07 02:58:59,952 [INFO] Starting the training process...
2025-09-07 02:59:00,021 [INFO] alpha missing or incomplete in YAML, initializing 729 rows
2025-09-07 02:59:00,410 [INFO] wrote updated params yaml atomically
2025-09-07 03:07:26,978 [INFO] Starting the training process...
2025-09-07 03:07:27,046 [INFO] alpha missing or incomplete in YAML, initializing 729 rows
2025-09-07 03:07:27,049 [INFO] starting processing from byte cursor 0 file size 225801
2025-09-07 03:07:45,854 [INFO] Starting the training process...
2025-09-07 03:07:45,914 [INFO] alpha missing or incomplete in YAML, initializing 729 rows
2025-09-07 03:07:45,921 [INFO] starting processing from byte cursor 0 file size 225801
2025-09-07 03:11:37,461 [INFO] Starting the training process...
2025-09-07 03:11:37,518 [INFO] alpha missing or incomplete in YAML, initializing 729 rows
2025-09-07 03:11:37,526 [INFO] starting processing from byte cursor 0 file size 225801
2025-09-07 03:11:37,826 [WARNING] transition probabilities sum not close to one 504.0
2025-09-07 03:11:37,951 [INFO] wrote updated params yaml atomically
2025-09-07 03:11:37,972 [INFO] training complete bytes_read 225801 tokens 220214 lines 2776 new_cursor 225801
2025-09-07 03:16:29,622 [INFO] Starting the training process...
2025-09-07 03:16:29,674 [INFO] alpha missing or incomplete in YAML, initializing 729 rows
2025-09-07 03:16:29,674 [INFO] starting processing from byte cursor 0 file size 225801
2025-09-07 03:16:29,956 [WARNING] transition probabilities sum not close to one 214630.0
2025-09-07 03:16:30,056 [INFO] wrote updated params yaml atomically
2025-09-07 03:16:30,067 [INFO] training complete bytes_read 225801 tokens 220214 lines 2776 new_cursor 225801
2025-09-07 21:48:32,213 [INFO] Starting the training process...
2025-09-07 21:48:32,284 [WARNING] tqdm requested but not available falling back to simple progress
2025-09-07 21:48:32,302 [INFO] starting processing from byte cursor 0 file size 225801
2025-09-07 21:48:32,587 [INFO] elapsed 0.0s processed_bytes 225801 total_done 225801 remaining 0b
2025-09-07 21:48:32,587 [WARNING] failed to load npy D:\Codes\projects\text-flow\model\data\initial.npy: No data left in file
2025-09-07 21:48:32,587 [WARNING] failed to write npy D:\Codes\projects\text-flow\model\data\initial.npy: [WinError 2] The system cannot find the file specified: 'D:\\Codes\\projects\\text-flow\\model\\data\\initial.npy.tmp' -> 'D:\\Codes\\projects\\text-flow\\model\\data\\initial.npy'
2025-09-07 21:48:32,603 [WARNING] failed to write npy D:\Codes\projects\text-flow\model\data\transitions.npy: [WinError 2] The system cannot find the file specified: 'D:\\Codes\\projects\\text-flow\\model\\data\\transitions.npy.tmp' -> 'D:\\Codes\\projects\\text-flow\\model\\data\\transitions.npy'
2025-09-07 21:48:32,603 [INFO] wrote updated params yaml atomically
2025-09-07 21:48:32,659 [INFO] training complete bytes_read 225801 tokens 220214 lines 2776 new_cursor 225801
2025-09-07 21:57:07,799 [INFO] Starting the training process...
2025-09-07 21:57:07,963 [INFO] starting processing from byte cursor 0 file size 225801
2025-09-07 21:57:08,497 [INFO] elapsed 0.0s processed_bytes 225801 total_done 225801 remaining 0b
2025-09-07 21:57:08,497 [WARNING] npy D:\Codes\projects\text-flow\model\data\initial.npy is empty; returning zeros
2025-09-07 21:57:08,519 [INFO] wrote updated params yaml atomically
2025-09-07 21:57:08,551 [INFO] training complete bytes_read 225801 tokens 220214 lines 2776 new_cursor 225801
2025-09-07 21:59:14,487 [INFO] Starting the training process...
2025-09-07 21:59:14,573 [INFO] starting processing from byte cursor 0 file size 225801
2025-09-07 21:59:14,914 [INFO] elapsed 0.0s processed_bytes 225801 total_done 225801 remaining 0b
2025-09-07 21:59:14,931 [INFO] wrote updated params yaml atomically
2025-09-07 21:59:14,958 [INFO] training complete bytes_read 225801 tokens 220214 lines 2776 new_cursor 225801
2025-09-07 22:00:34,293 [INFO] Starting the training process...
2025-09-07 22:00:34,397 [INFO] starting processing from byte cursor 0 file size 225801
2025-09-07 22:00:34,808 [INFO] elapsed 0.0s processed_bytes 225801 total_done 225801 remaining 0b
2025-09-07 22:00:34,848 [INFO] wrote updated params yaml atomically
2025-09-07 22:00:34,873 [INFO] training complete bytes_read 225801 tokens 220214 lines 2776 new_cursor 225801
2025-09-07 22:18:28,070 [INFO] Starting the training process...
2025-09-07 22:18:28,214 [INFO] starting processing from byte cursor 0 file size 225801
2025-09-07 22:18:28,780 [INFO] elapsed 0.0s processed_bytes 225801 total_done 225801 remaining 0b
2025-09-07 22:18:28,818 [INFO] wrote updated params yaml atomically
2025-09-07 22:18:28,848 [INFO] Initial probabilities valid
2025-09-07 22:18:28,889 [INFO] Transition matrix probabilities valid
2025-09-07 22:18:28,889 [INFO] training complete bytes_read 225801 tokens 220214 lines 2776 new_cursor 225801
2025-09-07 22:29:24,524 [INFO] Starting the training process...
2025-09-07 22:29:24,655 [INFO] cursor at or beyond end of file nothing to process
2025-09-07 22:30:14,808 [INFO] starting the training process...
2025-09-07 22:30:14,908 [INFO] cursor at or beyond end of file nothing to process
2025-09-07 22:30:24,503 [INFO] starting the training process...
2025-09-07 22:30:24,614 [INFO] starting processing from byte cursor 0 file size 225801
2025-09-07 22:30:25,035 [INFO] elapsed 0.0s processed_bytes 225801 total_done 225801 remaining 0b
2025-09-07 22:30:25,097 [INFO] wrote updated params yaml atomically
2025-09-07 22:30:25,124 [INFO] initial probabilities valid
2025-09-07 22:30:25,158 [INFO] transition matrix probabilities valid
2025-09-07 22:30:25,158 [INFO] training completed successfully
bytes_read 225801 tokens 220214 lines 2776 new_cursor 225801
2025-09-07 22:31:25,404 [INFO] starting the training process...
2025-09-07 22:31:25,528 [INFO] starting processing from byte cursor 0 file size 225801
2025-09-07 22:31:26,014 [INFO] elapsed 0.0s processed_bytes 225801 total_done 225801 remaining 0b
2025-09-07 22:31:26,074 [INFO] wrote updated params yaml atomically
2025-09-07 22:31:26,107 [INFO] initial probabilities valid
2025-09-07 22:31:26,146 [INFO] transition matrix probabilities valid
2025-09-07 22:31:26,146 [INFO] training completed successfully (bytes_read 225801 tokens 220214 lines 2776 new_cursor 225801)
2025-09-07 22:32:42,174 [INFO] starting the training process...
2025-09-07 22:32:42,270 [INFO] starting processing from byte cursor 0 file size 225801
2025-09-07 22:32:42,787 [INFO] elapsed 0.0s processed_bytes 225801 total_done 225801 remaining 0b
2025-09-07 22:32:42,834 [INFO] wrote updated params yaml atomically
2025-09-07 22:32:42,858 [INFO] initial probabilities valid
2025-09-07 22:32:42,890 [INFO] transition matrix probabilities valid
2025-09-07 22:32:42,890 [INFO] training completed successfully (bytes_read 225801 tokens 220214 lines 2776 new_cursor 225801)
2025-09-08 00:53:49,534 [INFO] starting the training process...
2025-09-08 00:53:49,621 [INFO] cursor at or beyond end of file nothing to process
2025-09-08 01:02:07,181 [INFO] starting the process...
2025-09-08 01:02:07,266 [INFO] Initializing MarkovGenerator and running training...
2025-09-08 01:02:07,266 [INFO] cursor at or beyond end of file nothing to process
2025-09-08 01:02:08,234 [INFO] Generated string (102 chars): hi dill th know pacy re rat bengually dearnervelogy sineries...
2025-09-08 01:02:08,234 [INFO] Generated string (102 chars): inseamil ducal the wity the reav nationadauthe ana net coses...
2025-09-08 01:02:08,241 [INFO] Generated string (102 chars): strevelyst maing theastic evengs ongotic darly ducturnagral ...
2025-09-08 01:02:08,244 [INFO] Generated string (102 chars): onal lacraludding apergy ricess his gannomoreav nat rowary v...
2025-09-08 01:02:08,251 [INFO] Generated string (102 chars): ons aught st ond rho stry he as appoldeeracratemphy cultudev...
2025-09-08 01:02:08,256 [INFO] Generated string (102 chars): it ention muses mout of sysicitarevenrit he efle youndrest i...
2025-09-08 01:02:08,260 [INFO] Generated string (102 chars): has and fold son all ofe isell mat brocencest and ing stitel...
2025-09-08 01:02:08,264 [INFO] Generated string (102 chars): ur aon aelity mod thed tien cou fold routiontrusto with and ...
2025-09-08 01:02:08,271 [INFO] Generated string (102 chars): invion chan and th be lands lom socal compartal susionsfosea...
2025-09-08 01:02:08,275 [INFO] Generated string (102 chars): arm huespirsion thy arbarack inamilonforld nomics first a wa...
2025-09-08 01:06:51,314 [INFO] starting the process...
2025-09-08 01:06:51,373 [INFO] Initializing MarkovGenerator and running training...
2025-09-08 01:06:51,373 [INFO] cursor at or beyond end of file nothing to process
2025-09-08 01:08:49,498 [INFO] starting the process...
2025-09-08 01:08:49,555 [INFO] Initializing MarkovGenerator and running training...
2025-09-08 01:08:49,555 [INFO] cursor at or beyond end of file nothing to process
2025-09-08 01:08:49,594 [INFO] Generated string (10 chars, 10 tokens requested): val peres ...
2025-09-08 01:09:07,771 [INFO] starting the process...
2025-09-08 01:09:07,833 [INFO] Initializing MarkovGenerator and running training...
2025-09-08 01:09:07,833 [INFO] cursor at or beyond end of file nothing to process
2025-09-08 01:09:07,872 [INFO] Generated string (200 chars, 200 tokens requested): agen trinall ains on thrin examedies colovir wit narldem of ...
2025-09-08 01:16:09,999 [INFO] starting the process...
2025-09-08 01:16:10,063 [INFO] Initializing MarkovGenerator and running training...
2025-09-08 01:16:10,063 [INFO] cursor at or beyond end of file nothing to process
2025-09-08 01:16:10,099 [INFO] Generating string (200 chars, 200 tokens requested): INFO
2025-09-08 01:44:11,314 [INFO] starting the training process...
2025-09-08 01:46:58,191 [INFO] starting the training process...
2025-09-08 01:46:58,844 [WARNING] failed to load pickle D:\Codes\projects\text-flow\model\data\initial.pkl: Ran out of input, returning empty dict
2025-09-08 01:46:58,844 [WARNING] failed to load pickle D:\Codes\projects\text-flow\model\data\transitions.pkl: Ran out of input, returning empty dict
2025-09-08 01:46:58,992 [INFO] wrote updated params yaml atomically
2025-09-08 01:46:58,992 [INFO] training completed successfully (words 34775, lines 2777)
2025-09-08 01:55:24,234 [INFO] starting the training process...
2025-09-08 01:55:25,033 [INFO] wrote updated params yaml atomically
2025-09-08 01:58:43,425 [INFO] starting the training process...
2025-09-08 01:58:43,751 [INFO] wrote updated params yaml atomically
2025-09-08 02:03:36,100 [INFO] starting the training process...
2025-09-08 02:03:36,685 [INFO] wrote updated params yaml atomically
2025-09-08 02:03:36,685 [INFO] [WORD MODEL] Initial probabilities valid
2025-09-08 02:03:36,767 [INFO] [WORD MODEL] All transition probabilities valid
2025-09-08 02:03:36,767 [INFO] training completed successfully (words 34775, lines 2777)
2025-09-08 02:09:32,451 [INFO] starting the training process...
2025-09-08 02:09:32,541 [INFO] Initializing WordMarkovGenerator and running training...
2025-09-08 02:09:32,541 [INFO] cursor at or beyond end of file, nothing to process
2025-09-08 02:18:46,246 [INFO] starting the training process...
2025-09-08 02:18:46,344 [INFO] Initializing WordMarkovGenerator and running training...
2025-09-08 02:18:46,347 [INFO] cursor at or beyond end of file, nothing to process
2025-09-08 02:18:46,347 [WARNING] Warning: probabilities are empty; generation may fail.
2025-09-08 02:18:46,347 [ERROR] Gneration failed: No initial probabilities available
2025-09-08 02:24:20,182 [INFO] starting the training process...
2025-09-08 02:24:20,348 [INFO] Initializing MarkovGenerator and running training...
2025-09-08 02:24:20,348 [INFO] cursor at or beyond end of file, nothing to process
2025-09-08 02:31:50,566 [INFO] starting the training process...
2025-09-08 02:31:50,707 [INFO] Initializing WordMarkovGenerator and running training...
2025-09-08 02:31:50,707 [INFO] cursor at or beyond end of file, nothing to process
2025-09-08 02:35:34,690 [INFO] starting the training process...
2025-09-08 02:35:34,738 [INFO] Initializing WordMarkovGenerator and running training...
2025-09-08 02:35:34,738 [INFO] cursor at or beyond end of file, nothing to process
2025-09-08 02:35:41,243 [INFO] Generated 10 words: pride and and prejudice prejudice by by jane jane austen aus...
2025-09-08 02:36:01,163 [INFO] starting the training process...
2025-09-08 02:36:01,227 [INFO] Initializing WordMarkovGenerator and running training...
2025-09-08 02:36:01,227 [INFO] cursor at or beyond end of file, nothing to process
2025-09-08 02:36:12,143 [INFO] Generated 50 words: pride and and prejudice prejudice by by jane jane austen aus...
2025-09-08 02:40:45,416 [INFO] starting the training process...
2025-09-08 02:40:45,485 [INFO] Initializing WordMarkovGenerator and running training...
2025-09-08 02:40:45,485 [INFO] cursor at or beyond end of file, nothing to process
2025-09-08 02:45:57,648 [INFO] starting the training process...
2025-09-08 02:45:57,701 [INFO] Initializing WordMarkovGenerator and running training...
2025-09-08 02:45:57,701 [INFO] cursor at or beyond end of file, nothing to process
2025-09-08 02:46:06,414 [INFO] Generated 10 words: pride and and prejudice prejudice by by jane jane austen aus...
2025-09-08 02:49:31,444 [INFO] starting the training process...
2025-09-08 02:49:31,469 [INFO] Initializing WordMarkovGenerator and running training...
2025-09-08 02:49:31,470 [INFO] cursor at or beyond end of file, nothing to process
2025-09-08 02:55:03,328 [INFO] starting the training process...
2025-09-08 02:55:03,356 [INFO] Initializing WordMarkovGenerator and running training...
2025-09-08 02:55:03,356 [INFO] cursor at or beyond end of file, nothing to process
2025-09-08 02:55:37,845 [INFO] starting the training process...
2025-09-08 02:55:37,870 [INFO] Initializing WordMarkovGenerator and running training...
2025-09-08 02:55:37,872 [INFO] cursor at or beyond end of file, nothing to process
2025-09-08 03:05:44,798 [INFO] Starting the text generation process...
2025-09-08 03:05:44,813 [INFO] Initializing 2nd-order WordMarkovGenerator and running training...
2025-09-08 03:05:44,813 [INFO] cursor at or beyond end of file, nothing to process
2025-09-08 03:05:44,883 [INFO] Loaded 17855 bigram states and 4966 unique words
2025-09-08 03:05:56,254 [INFO] Model loaded - States: 17855, Vocab: 4966
2025-09-08 03:05:58,160 [INFO] Generated 10 words: pride and prejudice by jane austen it is a she...
2025-09-08 03:06:00,086 [WARNING] Warning: Invalid transition ('is', 'a') -> ('returned', 'she')
2025-09-08 03:06:00,291 [INFO] Generated 10 words using state propagation: pride and prejudice by jane austen it is a she...
2025-09-08 03:06:02,570 [WARNING] Warning: Invalid transition ('a', 'truth') -> ('she', 'for')
2025-09-08 03:06:02,803 [WARNING] Warning: Invalid transition ('she', 'for') -> ('universally', 'acknowledged')
2025-09-08 03:06:02,986 [WARNING] Warning: Invalid transition ('universally', 'acknowledged') -> ('mrs', 'long')
2025-09-08 03:06:03,188 [WARNING] Warning: Invalid transition ('mrs', 'long') -> ('that', 'a')
2025-09-08 03:06:03,388 [WARNING] Warning: Invalid transition ('that', 'a') -> ('has', 'just')
2025-09-08 03:06:03,586 [WARNING] Warning: Invalid transition ('has', 'just') -> ('do', 'any')
2025-09-08 03:06:03,586 [INFO] Generated 15 words using state propagation: pride and prejudice by jane austen it is a truth for acknowl...
2025-09-08 03:06:07,400 [INFO] Generated 20 words with context tracking
2025-09-08 03:06:09,919 [INFO] Generated 12 words using standard approach: pride and prejudice by jane austen it is returned she for mr...
2025-09-08 03:06:12,048 [WARNING] Warning: Invalid transition ('returned', 'she') -> ('to', 'find')
2025-09-08 03:06:12,265 [WARNING] Warning: Invalid transition ('to', 'find') -> ('and', 'incomplete')
2025-09-08 03:06:12,449 [WARNING] Warning: Invalid transition ('and', 'incomplete') -> ('with', 'a')
2025-09-08 03:06:12,464 [INFO] Generated 12 words using state propagation: pride and prejudice by jane austen it is returned she find i...
2025-09-08 03:06:22,111 [INFO] Generated 50 words: pride and prejudice by jane austen it is a she language mrs ...
2025-09-08 03:09:20,585 [INFO] Starting Markov model debugging...
2025-09-08 03:09:20,654 [INFO] Initializing 2nd-order WordMarkovGenerator and running training...
2025-09-08 03:09:20,654 [INFO] cursor at or beyond end of file, nothing to process
2025-09-08 03:09:20,770 [INFO] Loaded 17855 bigram states and 4966 unique words
2025-09-08 03:09:42,774 [INFO] Generated 15 words: pride and prejudice by jane austen it is a she for mrs long ...
2025-09-08 03:09:45,706 [INFO] Generated 15 words: pride and prejudice by jane austen it is returned truth coun...
2025-09-08 03:09:47,806 [WARNING] Warning: Invalid transition ('is', 'a') -> ('returned', 'she')
2025-09-08 03:09:49,269 [INFO] Generated 15 words using state propagation: pride and prejudice by jane austen it is a she for mrs long ...
2025-09-08 03:09:51,358 [WARNING] Warning: Invalid transition ('is', 'returned') -> ('a', 'truth')
2025-09-08 03:09:51,569 [WARNING] Warning: Invalid transition ('a', 'truth') -> ('she', 'for')
2025-09-08 03:09:51,768 [WARNING] Warning: Invalid transition ('she', 'for') -> ('promise', 'to')
2025-09-08 03:09:51,989 [WARNING] Warning: Invalid transition ('promise', 'to') -> ('acknowledged', 'that')
2025-09-08 03:09:52,386 [WARNING] Warning: Invalid transition ('that', 'a') -> ('have', 'no')
2025-09-08 03:09:52,605 [WARNING] Warning: Invalid transition ('have', 'no') -> ('just', 'been')
2025-09-08 03:09:52,606 [INFO] Generated 15 words using state propagation: pride and prejudice by jane austen it is returned truth for ...
2025-09-08 03:09:55,486 [INFO] Generated 15 words with context tracking
2025-09-08 03:09:56,290 [INFO] Initializing 2nd-order WordMarkovGenerator and running training...
2025-09-08 03:09:56,290 [INFO] cursor at or beyond end of file, nothing to process
2025-09-08 03:09:56,438 [INFO] Loaded 17855 bigram states and 4966 unique words
2025-09-08 03:10:05,163 [ERROR] Corpus quality test failed: Unable to allocate 2.38 GiB for an array with shape (17855, 17855) and data type float64
2025-09-08 03:15:25,655 [INFO] starting the training process...
2025-09-08 03:15:25,677 [INFO] Initializing memory-efficient 2nd-order WordMarkovGenerator...
2025-09-08 03:15:25,677 [INFO] cursor at or beyond end of file, nothing to process
2025-09-08 03:15:25,697 [INFO] Raw data: 1 initial, 17855 transitions
2025-09-08 03:15:25,697 [WARNING] Too many states (17855), filtering to 8000
2025-09-08 03:15:25,721 [INFO] Filtered to 7419 transition states
2025-09-08 03:15:25,735 [INFO] Final model: 7802 states, 2897 vocabulary
2025-09-08 03:15:53,883 [ERROR] Unexpected error: a must be 1-dimensional
2025-09-08 03:17:05,528 [INFO] starting the training process...
2025-09-08 03:17:05,553 [INFO] Initializing memory-efficient 2nd-order WordMarkovGenerator...
2025-09-08 03:17:05,554 [INFO] cursor at or beyond end of file, nothing to process
2025-09-08 03:17:05,575 [INFO] Raw data: 1 initial, 17855 transitions
2025-09-08 03:17:05,576 [WARNING] Too many states (17855), filtering to 1000
2025-09-08 03:17:05,591 [INFO] Filtered to 640 transition states
2025-09-08 03:17:05,592 [INFO] Final model: 837 states, 533 vocabulary
2025-09-08 03:17:05,901 [INFO] Generated 5 words: a city of a good...
2025-09-08 03:17:24,906 [INFO] starting the training process...
2025-09-08 03:17:24,924 [INFO] Initializing memory-efficient 2nd-order WordMarkovGenerator...
2025-09-08 03:17:24,924 [INFO] cursor at or beyond end of file, nothing to process
2025-09-08 03:17:24,950 [INFO] Raw data: 1 initial, 17855 transitions
2025-09-08 03:17:24,950 [WARNING] Too many states (17855), filtering to 1000
2025-09-08 03:17:24,966 [INFO] Filtered to 640 transition states
2025-09-08 03:17:24,967 [INFO] Final model: 837 states, 533 vocabulary
2025-09-08 03:17:25,244 [INFO] Generated 20 words: a city of a good fortune must be in want of a good...
2025-09-08 03:17:40,200 [INFO] starting the training process...
2025-09-08 03:17:40,229 [INFO] Initializing memory-efficient 2nd-order WordMarkovGenerator...
2025-09-08 03:17:40,231 [INFO] cursor at or beyond end of file, nothing to process
2025-09-08 03:17:40,249 [INFO] Raw data: 1 initial, 17855 transitions
2025-09-08 03:17:40,249 [WARNING] Too many states (17855), filtering to 1000
2025-09-08 03:17:40,266 [INFO] Filtered to 640 transition states
2025-09-08 03:17:40,272 [INFO] Final model: 837 states, 533 vocabulary
2025-09-08 03:17:40,550 [INFO] Generated 50 words: a city of a good fortune must be in want of a good...
2025-09-08 03:19:09,456 [INFO] starting the training process...
2025-09-08 03:19:09,488 [INFO] Initializing memory-efficient 2nd-order WordMarkovGenerator...
2025-09-08 03:19:09,489 [INFO] cursor at or beyond end of file, nothing to process
2025-09-08 03:19:09,498 [INFO] Raw data: 1 initial, 17855 transitions
2025-09-08 03:19:09,498 [WARNING] Too many states (17855), filtering to 1000
2025-09-08 03:19:09,509 [INFO] Filtered to 640 transition states
2025-09-08 03:19:09,509 [INFO] Final model: 837 states, 533 vocabulary
2025-09-08 03:19:09,910 [INFO] Generated 50 words: a city of her own script and cultural heritage of ...
2025-09-08 03:19:38,265 [INFO] starting the training process...
2025-09-08 03:19:38,289 [INFO] Initializing memory-efficient 2nd-order WordMarkovGenerator...
2025-09-08 03:19:38,289 [INFO] cursor at or beyond end of file, nothing to process
2025-09-08 03:19:38,315 [INFO] Raw data: 1 initial, 17855 transitions
2025-09-08 03:19:38,315 [WARNING] Too many states (17855), filtering to 5000
2025-09-08 03:19:38,336 [INFO] Filtered to 4271 transition states
2025-09-08 03:19:38,382 [INFO] Final model: 4746 states, 1888 vocabulary
2025-09-08 03:19:46,665 [INFO] Generated 20 words: pride and prejudice by jane austen it is returned ...
2025-09-08 03:19:46,679 [INFO] Generated 20 words: pride and prejudice by jane austen it is a truth u...
2025-09-08 03:19:46,704 [INFO] Generated 15 words: pride and prejudice by jane austen it is a truth u...
2025-09-08 03:20:10,999 [INFO] starting the training process...
2025-09-08 03:20:11,032 [INFO] Initializing memory-efficient 2nd-order WordMarkovGenerator...
2025-09-08 03:20:11,033 [INFO] cursor at or beyond end of file, nothing to process
2025-09-08 03:20:11,054 [INFO] Raw data: 1 initial, 17855 transitions
2025-09-08 03:20:11,054 [WARNING] Too many states (17855), filtering to 1000
2025-09-08 03:20:11,070 [INFO] Filtered to 640 transition states
2025-09-08 03:20:11,072 [INFO] Final model: 837 states, 533 vocabulary
2025-09-08 03:20:11,373 [INFO] Generated 50 words: a city of large and a good fortune must be in want...
2025-09-08 03:20:19,646 [INFO] starting the training process...
2025-09-08 03:20:19,668 [INFO] Initializing memory-efficient 2nd-order WordMarkovGenerator...
2025-09-08 03:20:19,668 [INFO] cursor at or beyond end of file, nothing to process
2025-09-08 03:20:19,688 [INFO] Raw data: 1 initial, 17855 transitions
2025-09-08 03:20:19,688 [WARNING] Too many states (17855), filtering to 1000
2025-09-08 03:20:19,706 [INFO] Filtered to 640 transition states
2025-09-08 03:20:19,708 [INFO] Final model: 837 states, 533 vocabulary
2025-09-08 03:20:19,996 [INFO] Generated 50 words: and renewable energy and ecological balance with i...
2025-09-08 03:20:30,200 [INFO] starting the training process...
2025-09-08 03:20:30,235 [INFO] Initializing memory-efficient 2nd-order WordMarkovGenerator...
2025-09-08 03:20:30,236 [INFO] cursor at or beyond end of file, nothing to process
2025-09-08 03:20:30,261 [INFO] Raw data: 1 initial, 17855 transitions
2025-09-08 03:20:30,262 [WARNING] Too many states (17855), filtering to 1000
2025-09-08 03:20:30,276 [INFO] Filtered to 640 transition states
2025-09-08 03:20:30,278 [INFO] Final model: 837 states, 533 vocabulary
2025-09-08 03:20:30,574 [INFO] Generated 50 words: must be in want of a wife however little known the...
2025-09-08 05:58:43,379 [INFO] starting the training process...
2025-09-08 05:58:43,409 [INFO] Initializing memory-efficient 2nd-order WordMarkovGenerator...
2025-09-08 05:58:43,418 [INFO] cursor at or beyond end of file, nothing to process
2025-09-08 05:58:43,459 [INFO] Raw data: 1 initial, 17855 transitions
2025-09-08 05:58:43,459 [WARNING] Too many states (17855), filtering to 1000
2025-09-08 05:58:43,491 [INFO] Filtered to 640 transition states
2025-09-08 05:58:43,492 [INFO] Final model: 837 states, 533 vocabulary
2025-09-08 05:58:44,316 [INFO] Generated 50 words: why we must be in want of a good fortune must be i...
2025-09-08 06:00:00,232 [INFO] starting the training process...
2025-09-08 06:00:00,257 [INFO] Initializing memory-efficient 2nd-order WordMarkovGenerator...
2025-09-08 06:00:00,257 [INFO] cursor at or beyond end of file, nothing to process
2025-09-08 06:00:00,290 [INFO] Raw data: 1 initial, 17855 transitions
2025-09-08 06:00:00,290 [WARNING] Too many states (17855), filtering to 1000
2025-09-08 06:00:00,314 [INFO] Filtered to 640 transition states
2025-09-08 06:00:00,317 [INFO] Final model: 837 states, 533 vocabulary
2025-09-08 06:00:00,802 [INFO] Generated 50 words: minds of the surrounding families that he is consi...
2025-09-08 06:39:36,116 [INFO] Initializing memory-efficient 2nd-order WordMarkovGenerator...
2025-09-08 06:39:36,132 [INFO] cursor at or beyond end of file, nothing to process
2025-09-08 06:39:36,172 [INFO] Raw data: 1 initial, 17855 transitions
2025-09-08 06:39:36,172 [WARNING] Too many states (17855), filtering to 1000
2025-09-08 06:39:36,205 [INFO] Filtered to 640 transition states
2025-09-08 06:39:36,205 [INFO] Final model: 837 states, 533 vocabulary
2025-09-08 06:39:36,836 [INFO] Generated 200
2025-09-08 06:48:27,297 [INFO] Initializing memory-efficient 2nd-order WordMarkovGenerator...
2025-09-08 06:48:27,301 [INFO] cursor at or beyond end of file, nothing to process
2025-09-08 06:48:27,338 [INFO] Raw data: 1 initial, 17855 transitions
2025-09-08 06:48:27,338 [WARNING] Too many states (17855), filtering to 1000
2025-09-08 06:48:27,374 [INFO] Filtered to 640 transition states
2025-09-08 06:48:27,374 [INFO] Final model: 837 states, 533 vocabulary
2025-09-08 06:48:27,754 [INFO] Generated 100
2025-09-08 06:48:33,776 [INFO] Initializing memory-efficient 2nd-order WordMarkovGenerator...
2025-09-08 06:48:33,792 [INFO] cursor at or beyond end of file, nothing to process
2025-09-08 06:48:33,816 [INFO] Raw data: 1 initial, 17855 transitions
2025-09-08 06:48:33,816 [WARNING] Too many states (17855), filtering to 1000
2025-09-08 06:48:33,841 [INFO] Filtered to 640 transition states
2025-09-08 06:48:33,841 [INFO] Final model: 837 states, 533 vocabulary
2025-09-08 06:48:34,220 [INFO] Generated 100
2025-09-08 06:48:40,745 [INFO] Initializing memory-efficient 2nd-order WordMarkovGenerator...
2025-09-08 06:48:40,758 [INFO] cursor at or beyond end of file, nothing to process
2025-09-08 06:48:40,831 [INFO] Raw data: 1 initial, 17855 transitions
2025-09-08 06:48:40,831 [WARNING] Too many states (17855), filtering to 1000
2025-09-08 06:48:40,901 [INFO] Filtered to 640 transition states
2025-09-08 06:48:40,903 [INFO] Final model: 837 states, 533 vocabulary
2025-09-08 06:48:42,022 [INFO] Generated 100
2025-09-08 06:48:51,290 [INFO] Initializing memory-efficient 2nd-order WordMarkovGenerator...
2025-09-08 06:48:51,290 [INFO] cursor at or beyond end of file, nothing to process
2025-09-08 06:48:51,356 [INFO] Raw data: 1 initial, 17855 transitions
2025-09-08 06:48:51,356 [WARNING] Too many states (17855), filtering to 1000
2025-09-08 06:48:51,414 [INFO] Filtered to 640 transition states
2025-09-08 06:48:51,414 [INFO] Final model: 837 states, 533 vocabulary
2025-09-08 06:48:52,405 [INFO] Generated 100
2026-01-15 00:33:12,249 [INFO] Initializing memory-efficient 2nd-order WordMarkovGenerator...
2026-01-15 00:33:12,249 [INFO] cursor at or beyond end of file, nothing to process
2026-01-15 00:33:12,296 [INFO] Raw data: 1 initial, 17855 transitions
2026-01-15 00:33:12,296 [WARNING] Too many states (17855), filtering to 1000
2026-01-15 00:33:12,328 [INFO] Filtered to 640 transition states
2026-01-15 00:33:12,328 [INFO] Final model: 837 states, 533 vocabulary
2026-01-15 00:33:13,333 [INFO] Generated 100
2026-01-15 00:36:14,388 [INFO] Initializing memory-efficient 2nd-order WordMarkovGenerator...
2026-01-15 00:36:14,388 [INFO] cursor at or beyond end of file, nothing to process
2026-01-15 00:36:14,420 [INFO] Raw data: 1 initial, 17855 transitions
2026-01-15 00:36:14,420 [WARNING] Too many states (17855), filtering to 1000
2026-01-15 00:36:14,436 [INFO] Filtered to 640 transition states
2026-01-15 00:36:14,436 [INFO] Final model: 837 states, 533 vocabulary
2026-01-15 00:36:14,891 [INFO] Generated 150
2026-01-15 01:15:30,548 [INFO] Initializing memory-efficient 2nd-order WordMarkovGenerator...
2026-01-15 01:15:30,564 [INFO] cursor at or beyond end of file, nothing to process
2026-01-15 01:15:30,642 [INFO] Raw data: 1 initial, 17855 transitions
2026-01-15 01:15:30,642 [WARNING] Too many states (17855), filtering to 1000
2026-01-15 01:15:30,673 [INFO] Filtered to 640 transition states
2026-01-15 01:15:30,689 [INFO] Final model: 837 states, 533 vocabulary
2026-01-15 01:15:32,064 [INFO] Generated 100
2026-01-15 01:56:36,929 [INFO] Initializing memory-efficient 2nd-order WordMarkovGenerator...
2026-01-15 01:56:36,929 [INFO] cursor at or beyond end of file, nothing to process
2026-01-15 01:56:36,964 [INFO] Raw data: 1 initial, 17855 transitions
2026-01-15 01:56:36,964 [WARNING] Too many states (17855), filtering to 1000
2026-01-15 01:56:36,986 [INFO] Filtered to 640 transition states
2026-01-15 01:56:36,989 [INFO] Final model: 837 states, 533 vocabulary
2026-01-15 01:56:37,608 [INFO] Generated 100
2026-01-15 01:56:58,477 [INFO] Initializing memory-efficient 2nd-order WordMarkovGenerator...
2026-01-15 01:56:58,479 [INFO] cursor at or beyond end of file, nothing to process
2026-01-15 01:56:58,503 [INFO] Raw data: 1 initial, 17855 transitions
2026-01-15 01:56:58,506 [WARNING] Too many states (17855), filtering to 1000
2026-01-15 01:56:58,520 [INFO] Filtered to 640 transition states
2026-01-15 01:56:58,526 [INFO] Final model: 837 states, 533 vocabulary
2026-01-15 01:56:58,898 [INFO] Generated 100
2026-01-15 02:07:00,250 [INFO] Initializing memory-efficient 2nd-order WordMarkovGenerator...
2026-01-15 02:07:00,250 [INFO] cursor at or beyond end of file, nothing to process
2026-01-15 02:07:00,285 [INFO] Raw data: 1 initial, 17855 transitions
2026-01-15 02:07:00,285 [WARNING] Too many states (17855), filtering to 1000
2026-01-15 02:07:00,305 [INFO] Filtered to 640 transition states
2026-01-15 02:07:00,305 [INFO] Final model: 837 states, 533 vocabulary
2026-01-15 02:07:00,695 [INFO] Generated 100
2026-01-15 02:07:10,429 [INFO] Initializing memory-efficient 2nd-order WordMarkovGenerator...
2026-01-15 02:07:10,429 [INFO] cursor at or beyond end of file, nothing to process
2026-01-15 02:07:10,461 [INFO] Raw data: 1 initial, 17855 transitions
2026-01-15 02:07:10,461 [WARNING] Too many states (17855), filtering to 1000
2026-01-15 02:07:10,476 [INFO] Filtered to 640 transition states
2026-01-15 02:07:10,485 [INFO] Final model: 837 states, 533 vocabulary
2026-01-15 02:07:10,865 [INFO] Generated 100
2026-01-15 02:07:21,655 [INFO] Initializing memory-efficient 2nd-order WordMarkovGenerator...
2026-01-15 02:07:21,655 [INFO] cursor at or beyond end of file, nothing to process
2026-01-15 02:07:21,679 [INFO] Raw data: 1 initial, 17855 transitions
2026-01-15 02:07:21,684 [WARNING] Too many states (17855), filtering to 1000
2026-01-15 02:07:21,707 [INFO] Filtered to 640 transition states
2026-01-15 02:07:21,707 [INFO] Final model: 837 states, 533 vocabulary
2026-01-15 02:07:22,098 [INFO] Generated 100
